# JRE version: OpenJDK Runtime Environment Microsoft-8035246 (17.0.8+7) (build 17.0.8+7-LTS)
# Java VM: OpenJDK 64-Bit Server VM Microsoft-8035246 (17.0.8+7-LTS, mixed mode, sharing, tiered, compressed oops, compressed class ptrs, g1 gc, windows-amd64)
GC Precious Log:
 CPUs: 12 total, 12 available
 Memory: 7916M
 Large Page Support: Disabled
 NUMA Support: Disabled
 Compressed Oops: Enabled (32-bit)
 Heap Region Size: 1M
 Heap Min Capacity: 8M
 Heap Initial Capacity: 124M
 Heap Max Capacity: 2G
 Pre-touch: Disabled
 Parallel Workers: 10
 Concurrent Workers: 3
 Concurrent Refinement Workers: 10
 Periodic GC: Disabled
Heap:
 garbage-first heap   total 334848K, used 275754K [0x0000000080000000, 0x0000000100000000)
  region size 1024K, 57 young (58368K), 7 survivors (7168K)
 Metaspace       used 108075K, committed 109312K, reserved 557056K
  class space    used 15042K, committed 15616K, reserved 425984K
GC Heap History (20 events):
Event: 23.068 GC heap before
{Heap before GC invocations=37 (full 0):
 garbage-first heap   total 334848K, used 277952K [0x0000000080000000, 0x0000000100000000)
  region size 1024K, 177 young (181248K), 14 survivors (14336K)
 Metaspace       used 93611K, committed 94656K, reserved 557056K
  class space    used 13184K, committed 13632K, reserved 425984K
}
Event: 23.088 GC heap after
{Heap after GC invocations=38 (full 0):
 garbage-first heap   total 334848K, used 139518K [0x0000000080000000, 0x0000000100000000)
  region size 1024K, 23 young (23552K), 23 survivors (23552K)
 Metaspace       used 93611K, committed 94656K, reserved 557056K
  class space    used 13184K, committed 13632K, reserved 425984K
}
Event: 24.125 GC heap before
{Heap before GC invocations=38 (full 0):
 garbage-first heap   total 334848K, used 262398K [0x0000000080000000, 0x0000000100000000)
  region size 1024K, 143 young (146432K), 23 survivors (23552K)
 Metaspace       used 97369K, committed 98432K, reserved 557056K
  class space    used 13690K, committed 14144K, reserved 425984K
}
Event: 24.144 GC heap after
{Heap after GC invocations=39 (full 0):
 garbage-first heap   total 334848K, used 154624K [0x0000000080000000, 0x0000000100000000)
  region size 1024K, 14 young (14336K), 14 survivors (14336K)
 Metaspace       used 97369K, committed 98432K, reserved 557056K
  class space    used 13690K, committed 14144K, reserved 425984K
}
Event: 25.173 GC heap before
{Heap before GC invocations=39 (full 0):
 garbage-first heap   total 334848K, used 267264K [0x0000000080000000, 0x0000000100000000)
  region size 1024K, 123 young (125952K), 14 survivors (14336K)
 Metaspace       used 99174K, committed 100224K, reserved 557056K
  class space    used 13933K, committed 14400K, reserved 425984K
}
Event: 25.192 GC heap after
{Heap after GC invocations=40 (full 0):
 garbage-first heap   total 334848K, used 175791K [0x0000000080000000, 0x0000000100000000)
  region size 1024K, 16 young (16384K), 16 survivors (16384K)
 Metaspace       used 99174K, committed 100224K, reserved 557056K
  class space    used 13933K, committed 14400K, reserved 425984K
}
Event: 26.305 GC heap before
{Heap before GC invocations=40 (full 0):
 garbage-first heap   total 334848K, used 265903K [0x0000000080000000, 0x0000000100000000)
  region size 1024K, 104 young (106496K), 16 survivors (16384K)
 Metaspace       used 103873K, committed 105024K, reserved 557056K
  class space    used 14538K, committed 15040K, reserved 425984K
}
Event: 26.319 GC heap after
{Heap after GC invocations=41 (full 0):
 garbage-first heap   total 334848K, used 187867K [0x0000000080000000, 0x0000000100000000)
  region size 1024K, 11 young (11264K), 11 survivors (11264K)
 Metaspace       used 103873K, committed 105024K, reserved 557056K
  class space    used 14538K, committed 15040K, reserved 425984K
}
Event: 26.905 GC heap before
{Heap before GC invocations=41 (full 0):
 garbage-first heap   total 334848K, used 268763K [0x0000000080000000, 0x0000000100000000)
  region size 1024K, 91 young (93184K), 11 survivors (11264K)
 Metaspace       used 104416K, committed 105600K, reserved 557056K
  class space    used 14573K, committed 15104K, reserved 425984K
}
Event: 26.918 GC heap after
{Heap after GC invocations=42 (full 0):
 garbage-first heap   total 334848K, used 197923K [0x0000000080000000, 0x0000000100000000)
  region size 1024K, 10 young (10240K), 10 survivors (10240K)
 Metaspace       used 104416K, committed 105600K, reserved 557056K
  class space    used 14573K, committed 15104K, reserved 425984K
}
Event: 27.561 GC heap before
{Heap before GC invocations=42 (full 0):
 garbage-first heap   total 334848K, used 276771K [0x0000000080000000, 0x0000000100000000)
  region size 1024K, 83 young (84992K), 10 survivors (10240K)
 Metaspace       used 107123K, committed 108288K, reserved 557056K
  class space    used 14929K, committed 15488K, reserved 425984K
}
Event: 27.573 GC heap after
{Heap after GC invocations=43 (full 0):
 garbage-first heap   total 334848K, used 205367K [0x0000000080000000, 0x0000000100000000)
  region size 1024K, 9 young (9216K), 9 survivors (9216K)
 Metaspace       used 107123K, committed 108288K, reserved 557056K
  class space    used 14929K, committed 15488K, reserved 425984K
}
Event: 28.055 GC heap before
{Heap before GC invocations=43 (full 0):
 garbage-first heap   total 334848K, used 272951K [0x0000000080000000, 0x0000000100000000)
  region size 1024K, 76 young (77824K), 9 survivors (9216K)
 Metaspace       used 107787K, committed 108992K, reserved 557056K
  class space    used 15025K, committed 15616K, reserved 425984K
}
Event: 28.065 GC heap after
{Heap after GC invocations=44 (full 0):
 garbage-first heap   total 334848K, used 211591K [0x0000000080000000, 0x0000000100000000)
  region size 1024K, 8 young (8192K), 8 survivors (8192K)
 Metaspace       used 107787K, committed 108992K, reserved 557056K
  class space    used 15025K, committed 15616K, reserved 425984K
}
Event: 28.263 GC heap before
{Heap before GC invocations=44 (full 0):
 garbage-first heap   total 334848K, used 276103K [0x0000000080000000, 0x0000000100000000)
  region size 1024K, 72 young (73728K), 8 survivors (8192K)
 Metaspace       used 107874K, committed 109120K, reserved 557056K
  class space    used 15025K, committed 15616K, reserved 425984K
}
Event: 28.270 GC heap after
{Heap after GC invocations=45 (full 0):
 garbage-first heap   total 334848K, used 214181K [0x0000000080000000, 0x0000000100000000)
  region size 1024K, 5 young (5120K), 5 survivors (5120K)
 Metaspace       used 107874K, committed 109120K, reserved 557056K
  class space    used 15025K, committed 15616K, reserved 425984K
}
Event: 28.687 GC heap before
{Heap before GC invocations=45 (full 0):
 garbage-first heap   total 334848K, used 278693K [0x0000000080000000, 0x0000000100000000)
  region size 1024K, 68 young (69632K), 5 survivors (5120K)
 Metaspace       used 107875K, committed 109120K, reserved 557056K
  class space    used 15025K, committed 15616K, reserved 425984K
}
Event: 28.691 GC heap after
{Heap after GC invocations=46 (full 0):
 garbage-first heap   total 334848K, used 214993K [0x0000000080000000, 0x0000000100000000)
  region size 1024K, 6 young (6144K), 6 survivors (6144K)
 Metaspace       used 107875K, committed 109120K, reserved 557056K
  class space    used 15025K, committed 15616K, reserved 425984K
}
Event: 29.019 GC heap before
{Heap before GC invocations=46 (full 0):
 garbage-first heap   total 334848K, used 283601K [0x0000000080000000, 0x0000000100000000)
  region size 1024K, 70 young (71680K), 6 survivors (6144K)
 Metaspace       used 107940K, committed 109120K, reserved 557056K
  class space    used 15025K, committed 15616K, reserved 425984K
}
Event: 29.025 GC heap after
{Heap after GC invocations=47 (full 0):
 garbage-first heap   total 334848K, used 218410K [0x0000000080000000, 0x0000000100000000)
  region size 1024K, 7 young (7168K), 7 survivors (7168K)
 Metaspace       used 107940K, committed 109120K, reserved 557056K
  class space    used 15025K, committed 15616K, reserved 425984K
}

